2010-01-03 00:24:53,508 INFO org.apache.hadoop.hdfs.server.namenode.FSNamesystem: Number of transactions: 0 Total time for transactions(ms): 0Number of transactions batched in Syncs: 0 Number of syncs: 0 SyncTimes(ms): 0 
2010-01-03 00:24:53,681 INFO org.apache.hadoop.hdfs.server.namenode.SecondaryNameNode: Downloaded file fsimage size 3967 bytes.
2010-01-03 00:24:53,683 INFO org.apache.hadoop.hdfs.server.namenode.SecondaryNameNode: Downloaded file edits size 4 bytes.
2010-01-03 00:24:53,699 INFO org.apache.hadoop.hdfs.server.namenode.FSNamesystem: fsOwner=todd,engr,wm
2010-01-03 00:24:53,699 INFO org.apache.hadoop.hdfs.server.namenode.FSNamesystem: supergroup=supergroup
2010-01-03 00:24:53,699 INFO org.apache.hadoop.hdfs.server.namenode.FSNamesystem: isPermissionEnabled=true
2010-01-03 00:24:53,701 INFO org.apache.hadoop.hdfs.server.common.Storage: Number of files = 22
2010-01-03 00:24:53,705 INFO org.apache.hadoop.hdfs.server.common.Storage: Number of files under construction = 0
2010-01-03 00:24:53,706 INFO org.apache.hadoop.hdfs.server.common.Storage: Edits file /tmp/hadoop-todd/dfs/namesecondary/current/edits of size 4 edits # 0 loaded in 0 seconds.
2010-01-03 00:24:53,716 INFO org.apache.hadoop.hdfs.server.common.Storage: Image file of size 3967 saved in 0 seconds.
2010-01-03 00:24:53,723 INFO org.apache.hadoop.hdfs.server.namenode.FSNamesystem: Number of transactions: 0 Total time for transactions(ms): 0Number of transactions batched in Syncs: 0 Number of syncs: 0 SyncTimes(ms): 0 
2010-01-03 00:24:53,734 INFO org.apache.hadoop.hdfs.server.namenode.SecondaryNameNode: Posted URL 0.0.0.0:50070putimage=1&port=50090&machine=192.168.0.112&token=-18:200084805:0:1262507093000:1262503493357
2010-01-03 00:24:53,752 WARN org.apache.hadoop.hdfs.server.namenode.SecondaryNameNode: Checkpoint done. New Image Size: 3967
2010-01-03 01:24:53,898 INFO org.apache.hadoop.hdfs.server.namenode.FSNamesystem: Number of transactions: 0 Total time for transactions(ms): 0Number of transactions batched in Syncs: 0 Number of syncs: 0 SyncTimes(ms): 0 
2010-01-03 01:24:53,919 INFO org.apache.hadoop.hdfs.server.namenode.SecondaryNameNode: Downloaded file fsimage size 3967 bytes.
2010-01-03 01:24:53,921 INFO org.apache.hadoop.hdfs.server.namenode.SecondaryNameNode: Downloaded file edits size 4 bytes.
2010-01-03 01:24:53,934 INFO org.apache.hadoop.hdfs.server.namenode.FSNamesystem: fsOwner=todd,engr,wm
2010-01-03 01:24:53,934 INFO org.apache.hadoop.hdfs.server.namenode.FSNamesystem: supergroup=supergroup
2010-01-03 01:24:53,934 INFO org.apache.hadoop.hdfs.server.namenode.FSNamesystem: isPermissionEnabled=true
2010-01-03 01:24:53,936 INFO org.apache.hadoop.hdfs.server.common.Storage: Number of files = 22
2010-01-03 01:24:53,940 INFO org.apache.hadoop.hdfs.server.common.Storage: Number of files under construction = 0
2010-01-03 01:24:53,940 INFO org.apache.hadoop.hdfs.server.common.Storage: Edits file /tmp/hadoop-todd/dfs/namesecondary/current/edits of size 4 edits # 0 loaded in 0 seconds.
2010-01-03 01:24:53,949 INFO org.apache.hadoop.hdfs.server.common.Storage: Image file of size 3967 saved in 0 seconds.
2010-01-03 01:24:53,959 INFO org.apache.hadoop.hdfs.server.namenode.FSNamesystem: Number of transactions: 0 Total time for transactions(ms): 0Number of transactions batched in Syncs: 0 Number of syncs: 0 SyncTimes(ms): 0 
2010-01-03 01:24:53,967 INFO org.apache.hadoop.hdfs.server.namenode.SecondaryNameNode: Posted URL 0.0.0.0:50070putimage=1&port=50090&machine=192.168.0.112&token=-18:200084805:0:1262510693000:1262507093742
2010-01-03 01:24:53,994 WARN org.apache.hadoop.hdfs.server.namenode.SecondaryNameNode: Checkpoint done. New Image Size: 3967
2010-01-03 02:24:54,136 INFO org.apache.hadoop.hdfs.server.namenode.FSNamesystem: Number of transactions: 0 Total time for transactions(ms): 0Number of transactions batched in Syncs: 0 Number of syncs: 0 SyncTimes(ms): 0 
2010-01-03 02:24:54,161 INFO org.apache.hadoop.hdfs.server.namenode.SecondaryNameNode: Downloaded file fsimage size 3967 bytes.
2010-01-03 02:24:54,163 INFO org.apache.hadoop.hdfs.server.namenode.SecondaryNameNode: Downloaded file edits size 4 bytes.
2010-01-03 02:24:54,177 INFO org.apache.hadoop.hdfs.server.namenode.FSNamesystem: fsOwner=todd,engr,wm
2010-01-03 02:24:54,177 INFO org.apache.hadoop.hdfs.server.namenode.FSNamesystem: supergroup=supergroup
2010-01-03 02:24:54,177 INFO org.apache.hadoop.hdfs.server.namenode.FSNamesystem: isPermissionEnabled=true
2010-01-03 02:24:54,179 INFO org.apache.hadoop.hdfs.server.common.Storage: Number of files = 22
2010-01-03 02:24:54,183 INFO org.apache.hadoop.hdfs.server.common.Storage: Number of files under construction = 0
2010-01-03 02:24:54,184 INFO org.apache.hadoop.hdfs.server.common.Storage: Edits file /tmp/hadoop-todd/dfs/namesecondary/current/edits of size 4 edits # 0 loaded in 0 seconds.
2010-01-03 02:24:54,196 INFO org.apache.hadoop.hdfs.server.common.Storage: Image file of size 3967 saved in 0 seconds.
2010-01-03 02:24:54,203 INFO org.apache.hadoop.hdfs.server.namenode.FSNamesystem: Number of transactions: 0 Total time for transactions(ms): 0Number of transactions batched in Syncs: 0 Number of syncs: 0 SyncTimes(ms): 0 
2010-01-03 02:24:54,211 INFO org.apache.hadoop.hdfs.server.namenode.SecondaryNameNode: Posted URL 0.0.0.0:50070putimage=1&port=50090&machine=192.168.0.112&token=-18:200084805:0:1262514294000:1262510693983
2010-01-03 02:24:54,228 WARN org.apache.hadoop.hdfs.server.namenode.SecondaryNameNode: Checkpoint done. New Image Size: 3967
2010-01-03 03:24:54,369 INFO org.apache.hadoop.hdfs.server.namenode.FSNamesystem: Number of transactions: 0 Total time for transactions(ms): 0Number of transactions batched in Syncs: 0 Number of syncs: 0 SyncTimes(ms): 0 
2010-01-03 03:24:54,392 INFO org.apache.hadoop.hdfs.server.namenode.SecondaryNameNode: Downloaded file fsimage size 3967 bytes.
2010-01-03 03:24:54,394 INFO org.apache.hadoop.hdfs.server.namenode.SecondaryNameNode: Downloaded file edits size 4 bytes.
2010-01-03 03:24:54,440 INFO org.apache.hadoop.hdfs.server.namenode.FSNamesystem: fsOwner=todd,engr,wm
2010-01-03 03:24:54,441 INFO org.apache.hadoop.hdfs.server.namenode.FSNamesystem: supergroup=supergroup
2010-01-03 03:24:54,441 INFO org.apache.hadoop.hdfs.server.namenode.FSNamesystem: isPermissionEnabled=true
2010-01-03 03:24:54,455 INFO org.apache.hadoop.hdfs.server.common.Storage: Number of files = 22
2010-01-03 03:24:54,459 INFO org.apache.hadoop.hdfs.server.common.Storage: Number of files under construction = 0
2010-01-03 03:24:54,459 INFO org.apache.hadoop.hdfs.server.common.Storage: Edits file /tmp/hadoop-todd/dfs/namesecondary/current/edits of size 4 edits # 0 loaded in 0 seconds.
2010-01-03 03:24:54,470 INFO org.apache.hadoop.hdfs.server.common.Storage: Image file of size 3967 saved in 0 seconds.
2010-01-03 03:24:54,477 INFO org.apache.hadoop.hdfs.server.namenode.FSNamesystem: Number of transactions: 0 Total time for transactions(ms): 0Number of transactions batched in Syncs: 0 Number of syncs: 0 SyncTimes(ms): 0 
2010-01-03 03:24:54,485 INFO org.apache.hadoop.hdfs.server.namenode.SecondaryNameNode: Posted URL 0.0.0.0:50070putimage=1&port=50090&machine=192.168.0.112&token=-18:200084805:0:1262517894000:1262514294219
2010-01-03 03:24:54,505 WARN org.apache.hadoop.hdfs.server.namenode.SecondaryNameNode: Checkpoint done. New Image Size: 3967
2010-01-03 04:24:54,647 INFO org.apache.hadoop.hdfs.server.namenode.FSNamesystem: Number of transactions: 0 Total time for transactions(ms): 0Number of transactions batched in Syncs: 0 Number of syncs: 0 SyncTimes(ms): 0 
2010-01-03 04:24:54,671 INFO org.apache.hadoop.hdfs.server.namenode.SecondaryNameNode: Downloaded file fsimage size 3967 bytes.
2010-01-03 04:24:54,675 INFO org.apache.hadoop.hdfs.server.namenode.SecondaryNameNode: Downloaded file edits size 4 bytes.
2010-01-03 04:24:54,687 INFO org.apache.hadoop.hdfs.server.namenode.FSNamesystem: fsOwner=todd,engr,wm
2010-01-03 04:24:54,687 INFO org.apache.hadoop.hdfs.server.namenode.FSNamesystem: supergroup=supergroup
2010-01-03 04:24:54,687 INFO org.apache.hadoop.hdfs.server.namenode.FSNamesystem: isPermissionEnabled=true
2010-01-03 04:24:54,690 INFO org.apache.hadoop.hdfs.server.common.Storage: Number of files = 22
2010-01-03 04:24:54,694 INFO org.apache.hadoop.hdfs.server.common.Storage: Number of files under construction = 0
2010-01-03 04:24:54,694 INFO org.apache.hadoop.hdfs.server.common.Storage: Edits file /tmp/hadoop-todd/dfs/namesecondary/current/edits of size 4 edits # 0 loaded in 0 seconds.
2010-01-03 04:24:54,715 INFO org.apache.hadoop.hdfs.server.common.Storage: Image file of size 3967 saved in 0 seconds.
2010-01-03 04:24:54,722 INFO org.apache.hadoop.hdfs.server.namenode.FSNamesystem: Number of transactions: 0 Total time for transactions(ms): 0Number of transactions batched in Syncs: 0 Number of syncs: 0 SyncTimes(ms): 0 
2010-01-03 04:24:54,730 INFO org.apache.hadoop.hdfs.server.namenode.SecondaryNameNode: Posted URL 0.0.0.0:50070putimage=1&port=50090&machine=192.168.0.112&token=-18:200084805:0:1262521494000:1262517894495
2010-01-03 04:24:54,747 WARN org.apache.hadoop.hdfs.server.namenode.SecondaryNameNode: Checkpoint done. New Image Size: 3967
2010-01-03 05:24:54,889 INFO org.apache.hadoop.hdfs.server.namenode.FSNamesystem: Number of transactions: 0 Total time for transactions(ms): 0Number of transactions batched in Syncs: 0 Number of syncs: 0 SyncTimes(ms): 0 
2010-01-03 05:24:54,910 INFO org.apache.hadoop.hdfs.server.namenode.SecondaryNameNode: Downloaded file fsimage size 3967 bytes.
2010-01-03 05:24:54,912 INFO org.apache.hadoop.hdfs.server.namenode.SecondaryNameNode: Downloaded file edits size 4 bytes.
2010-01-03 05:24:54,927 INFO org.apache.hadoop.hdfs.server.namenode.FSNamesystem: fsOwner=todd,engr,wm
2010-01-03 05:24:54,927 INFO org.apache.hadoop.hdfs.server.namenode.FSNamesystem: supergroup=supergroup
2010-01-03 05:24:54,927 INFO org.apache.hadoop.hdfs.server.namenode.FSNamesystem: isPermissionEnabled=true
2010-01-03 05:24:54,930 INFO org.apache.hadoop.hdfs.server.common.Storage: Number of files = 22
2010-01-03 05:24:54,933 INFO org.apache.hadoop.hdfs.server.common.Storage: Number of files under construction = 0
2010-01-03 05:24:54,934 INFO org.apache.hadoop.hdfs.server.common.Storage: Edits file /tmp/hadoop-todd/dfs/namesecondary/current/edits of size 4 edits # 0 loaded in 0 seconds.
2010-01-03 05:24:54,945 INFO org.apache.hadoop.hdfs.server.common.Storage: Image file of size 3967 saved in 0 seconds.
2010-01-03 05:24:54,965 INFO org.apache.hadoop.hdfs.server.namenode.FSNamesystem: Number of transactions: 0 Total time for transactions(ms): 0Number of transactions batched in Syncs: 0 Number of syncs: 0 SyncTimes(ms): 0 
2010-01-03 05:24:54,974 INFO org.apache.hadoop.hdfs.server.namenode.SecondaryNameNode: Posted URL 0.0.0.0:50070putimage=1&port=50090&machine=192.168.0.112&token=-18:200084805:0:1262525094000:1262521494739
2010-01-03 05:24:54,993 WARN org.apache.hadoop.hdfs.server.namenode.SecondaryNameNode: Checkpoint done. New Image Size: 3967
